# JRE version: OpenJDK Runtime Environment Corretto-17.0.11.9.1 (17.0.11+9) (build 17.0.11+9-LTS)
# Java VM: OpenJDK 64-Bit Server VM Corretto-17.0.11.9.1 (17.0.11+9-LTS, mixed mode, emulated-client, sharing, tiered, compressed oops, compressed class ptrs, g1 gc, windows-amd64)
GC Precious Log:
 CPUs: 4 total, 4 available
 Memory: 4041M
 Large Page Support: Disabled
 NUMA Support: Disabled
 Compressed Oops: Enabled (32-bit)
 Heap Region Size: 1M
 Heap Min Capacity: 8M
 Heap Initial Capacity: 64M
 Heap Max Capacity: 1012M
 Pre-touch: Disabled
 Parallel Workers: 4
 Concurrent Workers: 1
 Concurrent Refinement Workers: 4
 Periodic GC: Disabled
Heap:
 garbage-first heap   total 55296K, used 21564K [0x00000000c0c00000, 0x0000000100000000)
  region size 1024K, 10 young (10240K), 3 survivors (3072K)
 Metaspace       used 25035K, committed 25280K, reserved 1114112K
  class space    used 3515K, committed 3648K, reserved 1048576K
GC Heap History (12 events):
Event: 1.554 GC heap before
{Heap before GC invocations=0 (full 0):
 garbage-first heap   total 65536K, used 13312K [0x00000000c0c00000, 0x0000000100000000)
  region size 1024K, 13 young (13312K), 0 survivors (0K)
 Metaspace       used 5000K, committed 5248K, reserved 1114112K
  class space    used 593K, committed 704K, reserved 1048576K
}
Event: 1.572 GC heap after
{Heap after GC invocations=1 (full 0):
 garbage-first heap   total 65536K, used 7392K [0x00000000c0c00000, 0x0000000100000000)
  region size 1024K, 2 young (2048K), 2 survivors (2048K)
 Metaspace       used 5000K, committed 5248K, reserved 1114112K
  class space    used 593K, committed 704K, reserved 1048576K
}
Event: 1.988 GC heap before
{Heap before GC invocations=1 (full 0):
 garbage-first heap   total 65536K, used 13536K [0x00000000c0c00000, 0x0000000100000000)
  region size 1024K, 8 young (8192K), 2 survivors (2048K)
 Metaspace       used 6686K, committed 6848K, reserved 1114112K
  class space    used 825K, committed 896K, reserved 1048576K
}
Event: 1.996 GC heap after
{Heap after GC invocations=2 (full 0):
 garbage-first heap   total 65536K, used 7959K [0x00000000c0c00000, 0x0000000100000000)
  region size 1024K, 1 young (1024K), 1 survivors (1024K)
 Metaspace       used 6686K, committed 6848K, reserved 1114112K
  class space    used 825K, committed 896K, reserved 1048576K
}
Event: 3.203 GC heap before
{Heap before GC invocations=2 (full 0):
 garbage-first heap   total 65536K, used 27415K [0x00000000c0c00000, 0x0000000100000000)
  region size 1024K, 20 young (20480K), 1 survivors (1024K)
 Metaspace       used 10867K, committed 11136K, reserved 1114112K
  class space    used 1490K, committed 1600K, reserved 1048576K
}
Event: 3.214 GC heap after
{Heap after GC invocations=3 (full 0):
 garbage-first heap   total 65536K, used 9353K [0x00000000c0c00000, 0x0000000100000000)
  region size 1024K, 2 young (2048K), 2 survivors (2048K)
 Metaspace       used 10867K, committed 11136K, reserved 1114112K
  class space    used 1490K, committed 1600K, reserved 1048576K
}
Event: 4.119 GC heap before
{Heap before GC invocations=3 (full 0):
 garbage-first heap   total 65536K, used 39049K [0x00000000c0c00000, 0x0000000100000000)
  region size 1024K, 32 young (32768K), 2 survivors (2048K)
 Metaspace       used 16880K, committed 17152K, reserved 1114112K
  class space    used 2361K, committed 2496K, reserved 1048576K
}
Event: 4.130 GC heap after
{Heap after GC invocations=4 (full 0):
 garbage-first heap   total 65536K, used 11042K [0x00000000c0c00000, 0x0000000100000000)
  region size 1024K, 4 young (4096K), 4 survivors (4096K)
 Metaspace       used 16880K, committed 17152K, reserved 1114112K
  class space    used 2361K, committed 2496K, reserved 1048576K
}
Event: 4.769 GC heap before
{Heap before GC invocations=4 (full 0):
 garbage-first heap   total 65536K, used 35618K [0x00000000c0c00000, 0x0000000100000000)
  region size 1024K, 30 young (30720K), 4 survivors (4096K)
 Metaspace       used 21262K, committed 21504K, reserved 1114112K
  class space    used 2920K, committed 3072K, reserved 1048576K
}
Event: 4.783 GC heap after
{Heap after GC invocations=5 (full 0):
 garbage-first heap   total 65536K, used 13588K [0x00000000c0c00000, 0x0000000100000000)
  region size 1024K, 5 young (5120K), 5 survivors (5120K)
 Metaspace       used 21262K, committed 21504K, reserved 1114112K
  class space    used 2920K, committed 3072K, reserved 1048576K
}
Event: 6.073 GC heap before
{Heap before GC invocations=6 (full 0):
 garbage-first heap   total 55296K, used 41236K [0x00000000c0c00000, 0x0000000100000000)
  region size 1024K, 32 young (32768K), 5 survivors (5120K)
 Metaspace       used 24365K, committed 24640K, reserved 1114112K
  class space    used 3393K, committed 3520K, reserved 1048576K
}
Event: 6.091 GC heap after
{Heap after GC invocations=7 (full 0):
 garbage-first heap   total 55296K, used 15420K [0x00000000c0c00000, 0x0000000100000000)
  region size 1024K, 3 young (3072K), 3 survivors (3072K)
 Metaspace       used 24365K, committed 24640K, reserved 1114112K
  class space    used 3393K, committed 3520K, reserved 1048576K
}

