# JRE version: OpenJDK Runtime Environment Corretto-17.0.11.9.1 (17.0.11+9) (build 17.0.11+9-LTS)
# Java VM: OpenJDK 64-Bit Server VM Corretto-17.0.11.9.1 (17.0.11+9-LTS, mixed mode, emulated-client, sharing, tiered, compressed oops, compressed class ptrs, g1 gc, windows-amd64)
GC Precious Log:
 CPUs: 4 total, 4 available
 Memory: 4041M
 Large Page Support: Disabled
 NUMA Support: Disabled
 Compressed Oops: Enabled (32-bit)
 Heap Region Size: 1M
 Heap Min Capacity: 8M
 Heap Initial Capacity: 64M
 Heap Max Capacity: 1012M
 Pre-touch: Disabled
 Parallel Workers: 4
 Concurrent Workers: 1
 Concurrent Refinement Workers: 4
 Periodic GC: Disabled
Heap:
 garbage-first heap   total 65536K, used 23787K [0x00000000c0c00000, 0x0000000100000000)
  region size 1024K, 2 young (2048K), 2 survivors (2048K)
 Metaspace       used 47082K, committed 47552K, reserved 1114112K
  class space    used 6589K, committed 6784K, reserved 1048576K
GC Heap History (20 events):
Event: 2.219 GC heap after
{Heap after GC invocations=2 (full 0):
 garbage-first heap   total 65536K, used 7871K [0x00000000c0c00000, 0x0000000100000000)
  region size 1024K, 1 young (1024K), 1 survivors (1024K)
 Metaspace       used 6920K, committed 7104K, reserved 1114112K
  class space    used 866K, committed 960K, reserved 1048576K
}
Event: 3.364 GC heap before
{Heap before GC invocations=2 (full 0):
 garbage-first heap   total 65536K, used 27327K [0x00000000c0c00000, 0x0000000100000000)
  region size 1024K, 20 young (20480K), 1 survivors (1024K)
 Metaspace       used 10969K, committed 11264K, reserved 1114112K
  class space    used 1516K, committed 1664K, reserved 1048576K
}
Event: 3.370 GC heap after
{Heap after GC invocations=3 (full 0):
 garbage-first heap   total 65536K, used 9273K [0x00000000c0c00000, 0x0000000100000000)
  region size 1024K, 2 young (2048K), 2 survivors (2048K)
 Metaspace       used 10969K, committed 11264K, reserved 1114112K
  class space    used 1516K, committed 1664K, reserved 1048576K
}
Event: 4.323 GC heap before
{Heap before GC invocations=3 (full 0):
 garbage-first heap   total 65536K, used 38969K [0x00000000c0c00000, 0x0000000100000000)
  region size 1024K, 32 young (32768K), 2 survivors (2048K)
 Metaspace       used 17122K, committed 17344K, reserved 1114112K
  class space    used 2395K, committed 2496K, reserved 1048576K
}
Event: 4.338 GC heap after
{Heap after GC invocations=4 (full 0):
 garbage-first heap   total 65536K, used 10943K [0x00000000c0c00000, 0x0000000100000000)
  region size 1024K, 4 young (4096K), 4 survivors (4096K)
 Metaspace       used 17122K, committed 17344K, reserved 1114112K
  class space    used 2395K, committed 2496K, reserved 1048576K
}
Event: 4.929 GC heap before
{Heap before GC invocations=4 (full 0):
 garbage-first heap   total 65536K, used 34495K [0x00000000c0c00000, 0x0000000100000000)
  region size 1024K, 29 young (29696K), 4 survivors (4096K)
 Metaspace       used 21246K, committed 21504K, reserved 1114112K
  class space    used 2924K, committed 3008K, reserved 1048576K
}
Event: 4.946 GC heap after
{Heap after GC invocations=5 (full 0):
 garbage-first heap   total 65536K, used 13254K [0x00000000c0c00000, 0x0000000100000000)
  region size 1024K, 4 young (4096K), 4 survivors (4096K)
 Metaspace       used 21246K, committed 21504K, reserved 1114112K
  class space    used 2924K, committed 3008K, reserved 1048576K
}
Event: 6.167 GC heap before
{Heap before GC invocations=6 (full 0):
 garbage-first heap   total 48128K, used 36806K [0x00000000c0c00000, 0x0000000100000000)
  region size 1024K, 28 young (28672K), 4 survivors (4096K)
 Metaspace       used 23686K, committed 24000K, reserved 1114112K
  class space    used 3302K, committed 3456K, reserved 1048576K
}
Event: 6.187 GC heap after
{Heap after GC invocations=7 (full 0):
 garbage-first heap   total 48128K, used 15109K [0x00000000c0c00000, 0x0000000100000000)
  region size 1024K, 3 young (3072K), 3 survivors (3072K)
 Metaspace       used 23686K, committed 24000K, reserved 1114112K
  class space    used 3302K, committed 3456K, reserved 1048576K
}
Event: 6.241 GC heap before
{Heap before GC invocations=7 (full 0):
 garbage-first heap   total 48128K, used 16133K [0x00000000c0c00000, 0x0000000100000000)
  region size 1024K, 4 young (4096K), 3 survivors (3072K)
 Metaspace       used 23807K, committed 24128K, reserved 1114112K
  class space    used 3319K, committed 3456K, reserved 1048576K
}
Event: 6.263 GC heap after
{Heap after GC invocations=8 (full 0):
 garbage-first heap   total 58368K, used 15312K [0x00000000c0c00000, 0x0000000100000000)
  region size 1024K, 1 young (1024K), 1 survivors (1024K)
 Metaspace       used 23807K, committed 24128K, reserved 1114112K
  class space    used 3319K, committed 3456K, reserved 1048576K
}
Event: 7.598 GC heap before
{Heap before GC invocations=8 (full 0):
 garbage-first heap   total 58368K, used 40912K [0x00000000c0c00000, 0x0000000100000000)
  region size 1024K, 26 young (26624K), 1 survivors (1024K)
 Metaspace       used 27898K, committed 28288K, reserved 1114112K
  class space    used 3953K, committed 4160K, reserved 1048576K
}
Event: 7.614 GC heap after
{Heap after GC invocations=9 (full 0):
 garbage-first heap   total 58368K, used 17205K [0x00000000c0c00000, 0x0000000100000000)
  region size 1024K, 3 young (3072K), 3 survivors (3072K)
 Metaspace       used 27898K, committed 28288K, reserved 1114112K
  class space    used 3953K, committed 4160K, reserved 1048576K
}
Event: 8.694 GC heap before
{Heap before GC invocations=9 (full 0):
 garbage-first heap   total 58368K, used 41781K [0x00000000c0c00000, 0x0000000100000000)
  region size 1024K, 27 young (27648K), 3 survivors (3072K)
 Metaspace       used 31163K, committed 31616K, reserved 1114112K
  class space    used 4427K, committed 4608K, reserved 1048576K
}
Event: 8.710 GC heap after
{Heap after GC invocations=10 (full 0):
 garbage-first heap   total 58368K, used 19214K [0x00000000c0c00000, 0x0000000100000000)
  region size 1024K, 3 young (3072K), 3 survivors (3072K)
 Metaspace       used 31163K, committed 31616K, reserved 1114112K
  class space    used 4427K, committed 4608K, reserved 1048576K
}
Event: 9.721 GC heap before
{Heap before GC invocations=10 (full 0):
 garbage-first heap   total 58368K, used 36622K [0x00000000c0c00000, 0x0000000100000000)
  region size 1024K, 21 young (21504K), 3 survivors (3072K)
 Metaspace       used 35698K, committed 36096K, reserved 1114112K
  class space    used 5089K, committed 5248K, reserved 1048576K
}
Event: 9.730 GC heap after
{Heap after GC invocations=11 (full 0):
 garbage-first heap   total 58368K, used 19978K [0x00000000c0c00000, 0x0000000100000000)
  region size 1024K, 3 young (3072K), 3 survivors (3072K)
 Metaspace       used 35698K, committed 36096K, reserved 1114112K
  class space    used 5089K, committed 5248K, reserved 1048576K
}
Event: 10.949 GC heap before
{Heap before GC invocations=12 (full 0):
 garbage-first heap   total 58368K, used 43530K [0x00000000c0c00000, 0x0000000100000000)
  region size 1024K, 27 young (27648K), 3 survivors (3072K)
 Metaspace       used 41976K, committed 42496K, reserved 1114112K
  class space    used 5966K, committed 6208K, reserved 1048576K
}
Event: 10.963 GC heap after
{Heap after GC invocations=13 (full 0):
 garbage-first heap   total 58368K, used 22558K [0x00000000c0c00000, 0x0000000100000000)
  region size 1024K, 4 young (4096K), 4 survivors (4096K)
 Metaspace       used 41976K, committed 42496K, reserved 1114112K
  class space    used 5966K, committed 6208K, reserved 1048576K
}
Event: 11.913 GC heap before
{Heap before GC invocations=13 (full 0):
 garbage-first heap   total 58368K, used 43038K [0x00000000c0c00000, 0x0000000100000000)
  region size 1024K, 25 young (25600K), 4 survivors (4096K)
 Metaspace       used 47082K, committed 47552K, reserved 1114112K
  class space    used 6589K, committed 6784K, reserved 1048576K
}

