# JRE version: OpenJDK Runtime Environment Corretto-17.0.11.9.1 (17.0.11+9) (build 17.0.11+9-LTS)
# Java VM: OpenJDK 64-Bit Server VM Corretto-17.0.11.9.1 (17.0.11+9-LTS, mixed mode, emulated-client, sharing, tiered, compressed oops, compressed class ptrs, g1 gc, windows-amd64)
GC Precious Log:
 CPUs: 4 total, 4 available
 Memory: 4041M
 Large Page Support: Disabled
 NUMA Support: Disabled
 Compressed Oops: Enabled (32-bit)
 Heap Region Size: 1M
 Heap Min Capacity: 8M
 Heap Initial Capacity: 64M
 Heap Max Capacity: 1012M
 Pre-touch: Disabled
 Parallel Workers: 4
 Concurrent Workers: 1
 Concurrent Refinement Workers: 4
 Periodic GC: Disabled
Heap:
 garbage-first heap   total 61440K, used 37079K [0x00000000c0c00000, 0x0000000100000000)
  region size 1024K, 16 young (16384K), 2 survivors (2048K)
 Metaspace       used 52085K, committed 52480K, reserved 1114112K
  class space    used 7556K, committed 7744K, reserved 1048576K
GC Heap History (20 events):
Event: 2.286 GC heap before
{Heap before GC invocations=1 (full 0):
 garbage-first heap   total 65536K, used 14368K [0x00000000c0c00000, 0x0000000100000000)
  region size 1024K, 9 young (9216K), 2 survivors (2048K)
 Metaspace       used 6924K, committed 7104K, reserved 1114112K
  class space    used 868K, committed 960K, reserved 1048576K
}
Event: 2.295 GC heap after
{Heap after GC invocations=2 (full 0):
 garbage-first heap   total 65536K, used 7987K [0x00000000c0c00000, 0x0000000100000000)
  region size 1024K, 1 young (1024K), 1 survivors (1024K)
 Metaspace       used 6924K, committed 7104K, reserved 1114112K
  class space    used 868K, committed 960K, reserved 1048576K
}
Event: 3.647 GC heap before
{Heap before GC invocations=2 (full 0):
 garbage-first heap   total 65536K, used 27443K [0x00000000c0c00000, 0x0000000100000000)
  region size 1024K, 20 young (20480K), 1 survivors (1024K)
 Metaspace       used 10957K, committed 11264K, reserved 1114112K
  class space    used 1512K, committed 1664K, reserved 1048576K
}
Event: 3.654 GC heap after
{Heap after GC invocations=3 (full 0):
 garbage-first heap   total 65536K, used 9325K [0x00000000c0c00000, 0x0000000100000000)
  region size 1024K, 2 young (2048K), 2 survivors (2048K)
 Metaspace       used 10957K, committed 11264K, reserved 1114112K
  class space    used 1512K, committed 1664K, reserved 1048576K
}
Event: 4.749 GC heap before
{Heap before GC invocations=3 (full 0):
 garbage-first heap   total 65536K, used 39021K [0x00000000c0c00000, 0x0000000100000000)
  region size 1024K, 32 young (32768K), 2 survivors (2048K)
 Metaspace       used 17181K, committed 17408K, reserved 1114112K
  class space    used 2392K, committed 2496K, reserved 1048576K
}
Event: 4.760 GC heap after
{Heap after GC invocations=4 (full 0):
 garbage-first heap   total 65536K, used 10923K [0x00000000c0c00000, 0x0000000100000000)
  region size 1024K, 4 young (4096K), 4 survivors (4096K)
 Metaspace       used 17181K, committed 17408K, reserved 1114112K
  class space    used 2392K, committed 2496K, reserved 1048576K
}
Event: 5.450 GC heap before
{Heap before GC invocations=4 (full 0):
 garbage-first heap   total 65536K, used 34475K [0x00000000c0c00000, 0x0000000100000000)
  region size 1024K, 29 young (29696K), 4 survivors (4096K)
 Metaspace       used 21260K, committed 21504K, reserved 1114112K
  class space    used 2920K, committed 3072K, reserved 1048576K
}
Event: 5.464 GC heap after
{Heap after GC invocations=5 (full 0):
 garbage-first heap   total 65536K, used 13438K [0x00000000c0c00000, 0x0000000100000000)
  region size 1024K, 5 young (5120K), 5 survivors (5120K)
 Metaspace       used 21260K, committed 21504K, reserved 1114112K
  class space    used 2920K, committed 3072K, reserved 1048576K
}
Event: 6.727 GC heap before
{Heap before GC invocations=6 (full 0):
 garbage-first heap   total 51200K, used 40062K [0x00000000c0c00000, 0x0000000100000000)
  region size 1024K, 32 young (32768K), 5 survivors (5120K)
 Metaspace       used 24340K, committed 24576K, reserved 1114112K
  class space    used 3389K, committed 3520K, reserved 1048576K
}
Event: 6.748 GC heap after
{Heap after GC invocations=7 (full 0):
 garbage-first heap   total 51200K, used 15202K [0x00000000c0c00000, 0x0000000100000000)
  region size 1024K, 5 young (5120K), 5 survivors (5120K)
 Metaspace       used 24340K, committed 24576K, reserved 1114112K
  class space    used 3389K, committed 3520K, reserved 1048576K
}
Event: 7.726 GC heap before
{Heap before GC invocations=7 (full 0):
 garbage-first heap   total 51200K, used 35682K [0x00000000c0c00000, 0x0000000100000000)
  region size 1024K, 25 young (25600K), 5 survivors (5120K)
 Metaspace       used 27404K, committed 27776K, reserved 1114112K
  class space    used 3889K, committed 4096K, reserved 1048576K
}
Event: 7.747 GC heap after
{Heap after GC invocations=8 (full 0):
 garbage-first heap   total 51200K, used 16956K [0x00000000c0c00000, 0x0000000100000000)
  region size 1024K, 2 young (2048K), 2 survivors (2048K)
 Metaspace       used 27404K, committed 27776K, reserved 1114112K
  class space    used 3889K, committed 4096K, reserved 1048576K
}
Event: 8.928 GC heap before
{Heap before GC invocations=8 (full 0):
 garbage-first heap   total 51200K, used 37436K [0x00000000c0c00000, 0x0000000100000000)
  region size 1024K, 22 young (22528K), 2 survivors (2048K)
 Metaspace       used 30684K, committed 31104K, reserved 1114112K
  class space    used 4338K, committed 4544K, reserved 1048576K
}
Event: 8.944 GC heap after
{Heap after GC invocations=9 (full 0):
 garbage-first heap   total 61440K, used 18967K [0x00000000c0c00000, 0x0000000100000000)
  region size 1024K, 2 young (2048K), 2 survivors (2048K)
 Metaspace       used 30684K, committed 31104K, reserved 1114112K
  class space    used 4338K, committed 4544K, reserved 1048576K
}
Event: 10.119 GC heap before
{Heap before GC invocations=9 (full 0):
 garbage-first heap   total 61440K, used 42519K [0x00000000c0c00000, 0x0000000100000000)
  region size 1024K, 26 young (26624K), 2 survivors (2048K)
 Metaspace       used 35725K, committed 36096K, reserved 1114112K
  class space    used 5094K, committed 5248K, reserved 1048576K
}
Event: 10.130 GC heap after
{Heap after GC invocations=10 (full 0):
 garbage-first heap   total 61440K, used 20012K [0x00000000c0c00000, 0x0000000100000000)
  region size 1024K, 3 young (3072K), 3 survivors (3072K)
 Metaspace       used 35725K, committed 36096K, reserved 1114112K
  class space    used 5094K, committed 5248K, reserved 1048576K
}
Event: 11.478 GC heap before
{Heap before GC invocations=11 (full 0):
 garbage-first heap   total 61440K, used 45612K [0x00000000c0c00000, 0x0000000100000000)
  region size 1024K, 29 young (29696K), 3 survivors (3072K)
 Metaspace       used 42568K, committed 43072K, reserved 1114112K
  class space    used 6043K, committed 6272K, reserved 1048576K
}
Event: 11.491 GC heap after
{Heap after GC invocations=12 (full 0):
 garbage-first heap   total 61440K, used 22688K [0x00000000c0c00000, 0x0000000100000000)
  region size 1024K, 4 young (4096K), 4 survivors (4096K)
 Metaspace       used 42568K, committed 43072K, reserved 1114112K
  class space    used 6043K, committed 6272K, reserved 1048576K
}
Event: 12.623 GC heap before
{Heap before GC invocations=12 (full 0):
 garbage-first heap   total 61440K, used 47264K [0x00000000c0c00000, 0x0000000100000000)
  region size 1024K, 28 young (28672K), 4 survivors (4096K)
 Metaspace       used 49250K, committed 49728K, reserved 1114112K
  class space    used 7002K, committed 7232K, reserved 1048576K
}
Event: 12.635 GC heap after
{Heap after GC invocations=13 (full 0):
 garbage-first heap   total 61440K, used 23767K [0x00000000c0c00000, 0x0000000100000000)
  region size 1024K, 2 young (2048K), 2 survivors (2048K)
 Metaspace       used 49250K, committed 49728K, reserved 1114112K
  class space    used 7002K, committed 7232K, reserved 1048576K
}

