# JRE version: OpenJDK Runtime Environment Corretto-17.0.11.9.1 (17.0.11+9) (build 17.0.11+9-LTS)
# Java VM: OpenJDK 64-Bit Server VM Corretto-17.0.11.9.1 (17.0.11+9-LTS, mixed mode, emulated-client, sharing, tiered, compressed oops, compressed class ptrs, g1 gc, windows-amd64)
GC Precious Log:
 CPUs: 4 total, 4 available
 Memory: 4041M
 Large Page Support: Disabled
 NUMA Support: Disabled
 Compressed Oops: Enabled (32-bit)
 Heap Region Size: 1M
 Heap Min Capacity: 8M
 Heap Initial Capacity: 64M
 Heap Max Capacity: 1012M
 Pre-touch: Disabled
 Parallel Workers: 4
 Concurrent Workers: 1
 Concurrent Refinement Workers: 4
 Periodic GC: Disabled
Heap:
 garbage-first heap   total 66560K, used 31763K [0x00000000c0c00000, 0x0000000100000000)
  region size 1024K, 15 young (15360K), 4 survivors (4096K)
 Metaspace       used 45225K, committed 45632K, reserved 1114112K
  class space    used 6389K, committed 6592K, reserved 1048576K
GC Heap History (20 events):
Event: 1.582 GC heap before
{Heap before GC invocations=0 (full 0):
 garbage-first heap   total 65536K, used 13312K [0x00000000c0c00000, 0x0000000100000000)
  region size 1024K, 13 young (13312K), 0 survivors (0K)
 Metaspace       used 5108K, committed 5312K, reserved 1114112K
  class space    used 602K, committed 704K, reserved 1048576K
}
Event: 1.600 GC heap after
{Heap after GC invocations=1 (full 0):
 garbage-first heap   total 65536K, used 7216K [0x00000000c0c00000, 0x0000000100000000)
  region size 1024K, 2 young (2048K), 2 survivors (2048K)
 Metaspace       used 5108K, committed 5312K, reserved 1114112K
  class space    used 602K, committed 704K, reserved 1048576K
}
Event: 2.093 GC heap before
{Heap before GC invocations=1 (full 0):
 garbage-first heap   total 65536K, used 14384K [0x00000000c0c00000, 0x0000000100000000)
  region size 1024K, 9 young (9216K), 2 survivors (2048K)
 Metaspace       used 6922K, committed 7104K, reserved 1114112K
  class space    used 866K, committed 960K, reserved 1048576K
}
Event: 2.104 GC heap after
{Heap after GC invocations=2 (full 0):
 garbage-first heap   total 65536K, used 8206K [0x00000000c0c00000, 0x0000000100000000)
  region size 1024K, 1 young (1024K), 1 survivors (1024K)
 Metaspace       used 6922K, committed 7104K, reserved 1114112K
  class space    used 866K, committed 960K, reserved 1048576K
}
Event: 3.272 GC heap before
{Heap before GC invocations=2 (full 0):
 garbage-first heap   total 65536K, used 27662K [0x00000000c0c00000, 0x0000000100000000)
  region size 1024K, 20 young (20480K), 1 survivors (1024K)
 Metaspace       used 10954K, committed 11264K, reserved 1114112K
  class space    used 1511K, committed 1664K, reserved 1048576K
}
Event: 3.279 GC heap after
{Heap after GC invocations=3 (full 0):
 garbage-first heap   total 65536K, used 9535K [0x00000000c0c00000, 0x0000000100000000)
  region size 1024K, 2 young (2048K), 2 survivors (2048K)
 Metaspace       used 10954K, committed 11264K, reserved 1114112K
  class space    used 1511K, committed 1664K, reserved 1048576K
}
Event: 4.151 GC heap before
{Heap before GC invocations=3 (full 0):
 garbage-first heap   total 65536K, used 39231K [0x00000000c0c00000, 0x0000000100000000)
  region size 1024K, 32 young (32768K), 2 survivors (2048K)
 Metaspace       used 17104K, committed 17344K, reserved 1114112K
  class space    used 2374K, committed 2496K, reserved 1048576K
}
Event: 4.162 GC heap after
{Heap after GC invocations=4 (full 0):
 garbage-first heap   total 65536K, used 11191K [0x00000000c0c00000, 0x0000000100000000)
  region size 1024K, 4 young (4096K), 4 survivors (4096K)
 Metaspace       used 17104K, committed 17344K, reserved 1114112K
  class space    used 2374K, committed 2496K, reserved 1048576K
}
Event: 4.800 GC heap before
{Heap before GC invocations=4 (full 0):
 garbage-first heap   total 65536K, used 34743K [0x00000000c0c00000, 0x0000000100000000)
  region size 1024K, 29 young (29696K), 4 survivors (4096K)
 Metaspace       used 21249K, committed 21504K, reserved 1114112K
  class space    used 2917K, committed 3072K, reserved 1048576K
}
Event: 4.814 GC heap after
{Heap after GC invocations=5 (full 0):
 garbage-first heap   total 65536K, used 13638K [0x00000000c0c00000, 0x0000000100000000)
  region size 1024K, 5 young (5120K), 5 survivors (5120K)
 Metaspace       used 21249K, committed 21504K, reserved 1114112K
  class space    used 2917K, committed 3072K, reserved 1048576K
}
Event: 6.017 GC heap before
{Heap before GC invocations=6 (full 0):
 garbage-first heap   total 55296K, used 41286K [0x00000000c0c00000, 0x0000000100000000)
  region size 1024K, 32 young (32768K), 5 survivors (5120K)
 Metaspace       used 24376K, committed 24640K, reserved 1114112K
  class space    used 3395K, committed 3520K, reserved 1048576K
}
Event: 6.034 GC heap after
{Heap after GC invocations=7 (full 0):
 garbage-first heap   total 66560K, used 15438K [0x00000000c0c00000, 0x0000000100000000)
  region size 1024K, 3 young (3072K), 3 survivors (3072K)
 Metaspace       used 24376K, committed 24640K, reserved 1114112K
  class space    used 3395K, committed 3520K, reserved 1048576K
}
Event: 7.462 GC heap before
{Heap before GC invocations=7 (full 0):
 garbage-first heap   total 66560K, used 46158K [0x00000000c0c00000, 0x0000000100000000)
  region size 1024K, 33 young (33792K), 3 survivors (3072K)
 Metaspace       used 29016K, committed 29376K, reserved 1114112K
  class space    used 4136K, committed 4288K, reserved 1048576K
}
Event: 7.480 GC heap after
{Heap after GC invocations=8 (full 0):
 garbage-first heap   total 66560K, used 18026K [0x00000000c0c00000, 0x0000000100000000)
  region size 1024K, 5 young (5120K), 5 survivors (5120K)
 Metaspace       used 29016K, committed 29376K, reserved 1114112K
  class space    used 4136K, committed 4288K, reserved 1048576K
}
Event: 8.634 GC heap before
{Heap before GC invocations=8 (full 0):
 garbage-first heap   total 66560K, used 47722K [0x00000000c0c00000, 0x0000000100000000)
  region size 1024K, 34 young (34816K), 5 survivors (5120K)
 Metaspace       used 34619K, committed 35072K, reserved 1114112K
  class space    used 4918K, committed 5120K, reserved 1048576K
}
Event: 8.653 GC heap after
{Heap after GC invocations=9 (full 0):
 garbage-first heap   total 66560K, used 20093K [0x00000000c0c00000, 0x0000000100000000)
  region size 1024K, 3 young (3072K), 3 survivors (3072K)
 Metaspace       used 34619K, committed 35072K, reserved 1114112K
  class space    used 4918K, committed 5120K, reserved 1048576K
}
Event: 8.858 GC heap before
{Heap before GC invocations=9 (full 0):
 garbage-first heap   total 66560K, used 23165K [0x00000000c0c00000, 0x0000000100000000)
  region size 1024K, 8 young (8192K), 3 survivors (3072K)
 Metaspace       used 35759K, committed 36096K, reserved 1114112K
  class space    used 5094K, committed 5248K, reserved 1048576K
}
Event: 8.865 GC heap after
{Heap after GC invocations=10 (full 0):
 garbage-first heap   total 66560K, used 19877K [0x00000000c0c00000, 0x0000000100000000)
  region size 1024K, 2 young (2048K), 2 survivors (2048K)
 Metaspace       used 35759K, committed 36096K, reserved 1114112K
  class space    used 5094K, committed 5248K, reserved 1048576K
}
Event: 10.072 GC heap before
{Heap before GC invocations=11 (full 0):
 garbage-first heap   total 66560K, used 49573K [0x00000000c0c00000, 0x0000000100000000)
  region size 1024K, 31 young (31744K), 2 survivors (2048K)
 Metaspace       used 43144K, committed 43584K, reserved 1114112K
  class space    used 6127K, committed 6336K, reserved 1048576K
}
Event: 10.084 GC heap after
{Heap after GC invocations=12 (full 0):
 garbage-first heap   total 66560K, used 22547K [0x00000000c0c00000, 0x0000000100000000)
  region size 1024K, 4 young (4096K), 4 survivors (4096K)
 Metaspace       used 43144K, committed 43584K, reserved 1114112K
  class space    used 6127K, committed 6336K, reserved 1048576K
}

