# JRE version: OpenJDK Runtime Environment Corretto-17.0.11.9.1 (17.0.11+9) (build 17.0.11+9-LTS)
# Java VM: OpenJDK 64-Bit Server VM Corretto-17.0.11.9.1 (17.0.11+9-LTS, mixed mode, emulated-client, sharing, tiered, compressed oops, compressed class ptrs, g1 gc, windows-amd64)
GC Precious Log:
 CPUs: 4 total, 4 available
 Memory: 4041M
 Large Page Support: Disabled
 NUMA Support: Disabled
 Compressed Oops: Enabled (32-bit)
 Heap Region Size: 1M
 Heap Min Capacity: 8M
 Heap Initial Capacity: 64M
 Heap Max Capacity: 1012M
 Pre-touch: Disabled
 Parallel Workers: 4
 Concurrent Workers: 1
 Concurrent Refinement Workers: 4
 Periodic GC: Disabled
Heap:
 garbage-first heap   total 48128K, used 18521K [0x00000000c0c00000, 0x0000000100000000)
  region size 1024K, 3 young (3072K), 3 survivors (3072K)
 Metaspace       used 29550K, committed 29888K, reserved 1114112K
  class space    used 4192K, committed 4352K, reserved 1048576K
GC Heap History (15 events):
Event: 1.700 GC heap before
{Heap before GC invocations=0 (full 0):
 garbage-first heap   total 65536K, used 13312K [0x00000000c0c00000, 0x0000000100000000)
  region size 1024K, 13 young (13312K), 0 survivors (0K)
 Metaspace       used 5003K, committed 5248K, reserved 1114112K
  class space    used 594K, committed 704K, reserved 1048576K
}
Event: 1.718 GC heap after
{Heap after GC invocations=1 (full 0):
 garbage-first heap   total 65536K, used 7312K [0x00000000c0c00000, 0x0000000100000000)
  region size 1024K, 2 young (2048K), 2 survivors (2048K)
 Metaspace       used 5003K, committed 5248K, reserved 1114112K
  class space    used 594K, committed 704K, reserved 1048576K
}
Event: 2.323 GC heap before
{Heap before GC invocations=1 (full 0):
 garbage-first heap   total 65536K, used 14480K [0x00000000c0c00000, 0x0000000100000000)
  region size 1024K, 9 young (9216K), 2 survivors (2048K)
 Metaspace       used 6924K, committed 7104K, reserved 1114112K
  class space    used 868K, committed 960K, reserved 1048576K
}
Event: 2.333 GC heap after
{Heap after GC invocations=2 (full 0):
 garbage-first heap   total 65536K, used 7974K [0x00000000c0c00000, 0x0000000100000000)
  region size 1024K, 1 young (1024K), 1 survivors (1024K)
 Metaspace       used 6924K, committed 7104K, reserved 1114112K
  class space    used 868K, committed 960K, reserved 1048576K
}
Event: 3.650 GC heap before
{Heap before GC invocations=2 (full 0):
 garbage-first heap   total 65536K, used 27430K [0x00000000c0c00000, 0x0000000100000000)
  region size 1024K, 20 young (20480K), 1 survivors (1024K)
 Metaspace       used 10996K, committed 11328K, reserved 1114112K
  class space    used 1515K, committed 1664K, reserved 1048576K
}
Event: 3.657 GC heap after
{Heap after GC invocations=3 (full 0):
 garbage-first heap   total 65536K, used 9338K [0x00000000c0c00000, 0x0000000100000000)
  region size 1024K, 2 young (2048K), 2 survivors (2048K)
 Metaspace       used 10996K, committed 11328K, reserved 1114112K
  class space    used 1515K, committed 1664K, reserved 1048576K
}
Event: 4.812 GC heap before
{Heap before GC invocations=3 (full 0):
 garbage-first heap   total 65536K, used 39034K [0x00000000c0c00000, 0x0000000100000000)
  region size 1024K, 32 young (32768K), 2 survivors (2048K)
 Metaspace       used 17416K, committed 17600K, reserved 1114112K
  class space    used 2416K, committed 2496K, reserved 1048576K
}
Event: 4.823 GC heap after
{Heap after GC invocations=4 (full 0):
 garbage-first heap   total 65536K, used 10930K [0x00000000c0c00000, 0x0000000100000000)
  region size 1024K, 4 young (4096K), 4 survivors (4096K)
 Metaspace       used 17416K, committed 17600K, reserved 1114112K
  class space    used 2416K, committed 2496K, reserved 1048576K
}
Event: 5.472 GC heap before
{Heap before GC invocations=4 (full 0):
 garbage-first heap   total 65536K, used 33458K [0x00000000c0c00000, 0x0000000100000000)
  region size 1024K, 27 young (27648K), 4 survivors (4096K)
 Metaspace       used 21264K, committed 21504K, reserved 1114112K
  class space    used 2921K, committed 3072K, reserved 1048576K
}
Event: 5.486 GC heap after
{Heap after GC invocations=5 (full 0):
 garbage-first heap   total 65536K, used 13124K [0x00000000c0c00000, 0x0000000100000000)
  region size 1024K, 4 young (4096K), 4 survivors (4096K)
 Metaspace       used 21264K, committed 21504K, reserved 1114112K
  class space    used 2921K, committed 3072K, reserved 1048576K
}
Event: 6.702 GC heap before
{Heap before GC invocations=6 (full 0):
 garbage-first heap   total 48128K, used 36676K [0x00000000c0c00000, 0x0000000100000000)
  region size 1024K, 28 young (28672K), 4 survivors (4096K)
 Metaspace       used 23582K, committed 23872K, reserved 1114112K
  class space    used 3283K, committed 3392K, reserved 1048576K
}
Event: 6.721 GC heap after
{Heap after GC invocations=7 (full 0):
 garbage-first heap   total 48128K, used 14854K [0x00000000c0c00000, 0x0000000100000000)
  region size 1024K, 4 young (4096K), 4 survivors (4096K)
 Metaspace       used 23582K, committed 23872K, reserved 1114112K
  class space    used 3283K, committed 3392K, reserved 1048576K
}
Event: 7.639 GC heap before
{Heap before GC invocations=7 (full 0):
 garbage-first heap   total 48128K, used 34310K [0x00000000c0c00000, 0x0000000100000000)
  region size 1024K, 23 young (23552K), 4 survivors (4096K)
 Metaspace       used 26412K, committed 26880K, reserved 1114112K
  class space    used 3724K, committed 3968K, reserved 1048576K
}
Event: 7.665 GC heap after
{Heap after GC invocations=8 (full 0):
 garbage-first heap   total 48128K, used 16370K [0x00000000c0c00000, 0x0000000100000000)
  region size 1024K, 2 young (2048K), 2 survivors (2048K)
 Metaspace       used 26412K, committed 26880K, reserved 1114112K
  class space    used 3724K, committed 3968K, reserved 1048576K
}
Event: 8.536 GC heap before
{Heap before GC invocations=8 (full 0):
 garbage-first heap   total 48128K, used 34802K [0x00000000c0c00000, 0x0000000100000000)
  region size 1024K, 20 young (20480K), 2 survivors (2048K)
 Metaspace       used 29550K, committed 29888K, reserved 1114112K
  class space    used 4192K, committed 4352K, reserved 1048576K
}

