# JRE version: OpenJDK Runtime Environment Corretto-17.0.11.9.1 (17.0.11+9) (build 17.0.11+9-LTS)
# Java VM: OpenJDK 64-Bit Server VM Corretto-17.0.11.9.1 (17.0.11+9-LTS, mixed mode, emulated-client, sharing, tiered, compressed oops, compressed class ptrs, g1 gc, windows-amd64)
GC Precious Log:
 CPUs: 4 total, 4 available
 Memory: 4041M
 Large Page Support: Disabled
 NUMA Support: Disabled
 Compressed Oops: Enabled (32-bit)
 Heap Region Size: 1M
 Heap Min Capacity: 8M
 Heap Initial Capacity: 64M
 Heap Max Capacity: 1012M
 Pre-touch: Disabled
 Parallel Workers: 4
 Concurrent Workers: 1
 Concurrent Refinement Workers: 4
 Periodic GC: Disabled
Heap:
 garbage-first heap   total 51200K, used 33113K [0x00000000c0c00000, 0x0000000100000000)
  region size 1024K, 21 young (21504K), 3 survivors (3072K)
 Metaspace       used 26442K, committed 26880K, reserved 1114112K
  class space    used 3725K, committed 3968K, reserved 1048576K
GC Heap History (12 events):
Event: 1.720 GC heap before
{Heap before GC invocations=0 (full 0):
 garbage-first heap   total 65536K, used 13312K [0x00000000c0c00000, 0x0000000100000000)
  region size 1024K, 13 young (13312K), 0 survivors (0K)
 Metaspace       used 5103K, committed 5312K, reserved 1114112K
  class space    used 601K, committed 704K, reserved 1048576K
}
Event: 1.739 GC heap after
{Heap after GC invocations=1 (full 0):
 garbage-first heap   total 65536K, used 7264K [0x00000000c0c00000, 0x0000000100000000)
  region size 1024K, 2 young (2048K), 2 survivors (2048K)
 Metaspace       used 5103K, committed 5312K, reserved 1114112K
  class space    used 601K, committed 704K, reserved 1048576K
}
Event: 2.327 GC heap before
{Heap before GC invocations=1 (full 0):
 garbage-first heap   total 65536K, used 14432K [0x00000000c0c00000, 0x0000000100000000)
  region size 1024K, 9 young (9216K), 2 survivors (2048K)
 Metaspace       used 6923K, committed 7104K, reserved 1114112K
  class space    used 867K, committed 960K, reserved 1048576K
}
Event: 2.337 GC heap after
{Heap after GC invocations=2 (full 0):
 garbage-first heap   total 65536K, used 8289K [0x00000000c0c00000, 0x0000000100000000)
  region size 1024K, 1 young (1024K), 1 survivors (1024K)
 Metaspace       used 6923K, committed 7104K, reserved 1114112K
  class space    used 867K, committed 960K, reserved 1048576K
}
Event: 3.611 GC heap before
{Heap before GC invocations=2 (full 0):
 garbage-first heap   total 65536K, used 27745K [0x00000000c0c00000, 0x0000000100000000)
  region size 1024K, 20 young (20480K), 1 survivors (1024K)
 Metaspace       used 10956K, committed 11264K, reserved 1114112K
  class space    used 1513K, committed 1664K, reserved 1048576K
}
Event: 3.621 GC heap after
{Heap after GC invocations=3 (full 0):
 garbage-first heap   total 65536K, used 9544K [0x00000000c0c00000, 0x0000000100000000)
  region size 1024K, 2 young (2048K), 2 survivors (2048K)
 Metaspace       used 10956K, committed 11264K, reserved 1114112K
  class space    used 1513K, committed 1664K, reserved 1048576K
}
Event: 4.814 GC heap before
{Heap before GC invocations=3 (full 0):
 garbage-first heap   total 65536K, used 39240K [0x00000000c0c00000, 0x0000000100000000)
  region size 1024K, 32 young (32768K), 2 survivors (2048K)
 Metaspace       used 17297K, committed 17536K, reserved 1114112K
  class space    used 2404K, committed 2496K, reserved 1048576K
}
Event: 4.825 GC heap after
{Heap after GC invocations=4 (full 0):
 garbage-first heap   total 65536K, used 11173K [0x00000000c0c00000, 0x0000000100000000)
  region size 1024K, 4 young (4096K), 4 survivors (4096K)
 Metaspace       used 17297K, committed 17536K, reserved 1114112K
  class space    used 2404K, committed 2496K, reserved 1048576K
}
Event: 5.468 GC heap before
{Heap before GC invocations=4 (full 0):
 garbage-first heap   total 65536K, used 33701K [0x00000000c0c00000, 0x0000000100000000)
  region size 1024K, 28 young (28672K), 4 survivors (4096K)
 Metaspace       used 21261K, committed 21504K, reserved 1114112K
  class space    used 2919K, committed 3072K, reserved 1048576K
}
Event: 5.482 GC heap after
{Heap after GC invocations=5 (full 0):
 garbage-first heap   total 65536K, used 13549K [0x00000000c0c00000, 0x0000000100000000)
  region size 1024K, 4 young (4096K), 4 survivors (4096K)
 Metaspace       used 21261K, committed 21504K, reserved 1114112K
  class space    used 2919K, committed 3072K, reserved 1048576K
}
Event: 6.780 GC heap before
{Heap before GC invocations=6 (full 0):
 garbage-first heap   total 51200K, used 39149K [0x00000000c0c00000, 0x0000000100000000)
  region size 1024K, 30 young (30720K), 4 survivors (4096K)
 Metaspace       used 23921K, committed 24192K, reserved 1114112K
  class space    used 3326K, committed 3456K, reserved 1048576K
}
Event: 6.797 GC heap after
{Heap after GC invocations=7 (full 0):
 garbage-first heap   total 51200K, used 15705K [0x00000000c0c00000, 0x0000000100000000)
  region size 1024K, 3 young (3072K), 3 survivors (3072K)
 Metaspace       used 23921K, committed 24192K, reserved 1114112K
  class space    used 3326K, committed 3456K, reserved 1048576K
}

