# JRE version: OpenJDK Runtime Environment Corretto-17.0.11.9.1 (17.0.11+9) (build 17.0.11+9-LTS)
# Java VM: OpenJDK 64-Bit Server VM Corretto-17.0.11.9.1 (17.0.11+9-LTS, mixed mode, emulated-client, sharing, tiered, compressed oops, compressed class ptrs, g1 gc, windows-amd64)
GC Precious Log:
 CPUs: 4 total, 4 available
 Memory: 4041M
 Large Page Support: Disabled
 NUMA Support: Disabled
 Compressed Oops: Enabled (32-bit)
 Heap Region Size: 1M
 Heap Min Capacity: 8M
 Heap Initial Capacity: 64M
 Heap Max Capacity: 1012M
 Pre-touch: Disabled
 Parallel Workers: 4
 Concurrent Workers: 1
 Concurrent Refinement Workers: 4
 Periodic GC: Disabled
Heap:
 garbage-first heap   total 78848K, used 19860K [0x00000000c0c00000, 0x0000000100000000)
  region size 1024K, 2 young (2048K), 2 survivors (2048K)
 Metaspace       used 34359K, committed 34816K, reserved 1114112K
  class space    used 4880K, committed 5056K, reserved 1048576K
GC Heap History (19 events):
Event: 1.576 GC heap before
{Heap before GC invocations=0 (full 0):
 garbage-first heap   total 65536K, used 13312K [0x00000000c0c00000, 0x0000000100000000)
  region size 1024K, 13 young (13312K), 0 survivors (0K)
 Metaspace       used 5058K, committed 5248K, reserved 1114112K
  class space    used 598K, committed 704K, reserved 1048576K
}
Event: 1.594 GC heap after
{Heap after GC invocations=1 (full 0):
 garbage-first heap   total 65536K, used 7344K [0x00000000c0c00000, 0x0000000100000000)
  region size 1024K, 2 young (2048K), 2 survivors (2048K)
 Metaspace       used 5058K, committed 5248K, reserved 1114112K
  class space    used 598K, committed 704K, reserved 1048576K
}
Event: 2.000 GC heap before
{Heap before GC invocations=1 (full 0):
 garbage-first heap   total 65536K, used 13488K [0x00000000c0c00000, 0x0000000100000000)
  region size 1024K, 8 young (8192K), 2 survivors (2048K)
 Metaspace       used 6691K, committed 6848K, reserved 1114112K
  class space    used 826K, committed 896K, reserved 1048576K
}
Event: 2.009 GC heap after
{Heap after GC invocations=2 (full 0):
 garbage-first heap   total 65536K, used 7937K [0x00000000c0c00000, 0x0000000100000000)
  region size 1024K, 1 young (1024K), 1 survivors (1024K)
 Metaspace       used 6691K, committed 6848K, reserved 1114112K
  class space    used 826K, committed 896K, reserved 1048576K
}
Event: 3.175 GC heap before
{Heap before GC invocations=2 (full 0):
 garbage-first heap   total 65536K, used 27393K [0x00000000c0c00000, 0x0000000100000000)
  region size 1024K, 20 young (20480K), 1 survivors (1024K)
 Metaspace       used 10874K, committed 11136K, reserved 1114112K
  class space    used 1493K, committed 1600K, reserved 1048576K
}
Event: 3.187 GC heap after
{Heap after GC invocations=3 (full 0):
 garbage-first heap   total 65536K, used 9310K [0x00000000c0c00000, 0x0000000100000000)
  region size 1024K, 2 young (2048K), 2 survivors (2048K)
 Metaspace       used 10874K, committed 11136K, reserved 1114112K
  class space    used 1493K, committed 1600K, reserved 1048576K
}
Event: 4.149 GC heap before
{Heap before GC invocations=3 (full 0):
 garbage-first heap   total 65536K, used 39006K [0x00000000c0c00000, 0x0000000100000000)
  region size 1024K, 32 young (32768K), 2 survivors (2048K)
 Metaspace       used 16837K, committed 17088K, reserved 1114112K
  class space    used 2367K, committed 2496K, reserved 1048576K
}
Event: 4.162 GC heap after
{Heap after GC invocations=4 (full 0):
 garbage-first heap   total 65536K, used 11025K [0x00000000c0c00000, 0x0000000100000000)
  region size 1024K, 4 young (4096K), 4 survivors (4096K)
 Metaspace       used 16837K, committed 17088K, reserved 1114112K
  class space    used 2367K, committed 2496K, reserved 1048576K
}
Event: 4.818 GC heap before
{Heap before GC invocations=4 (full 0):
 garbage-first heap   total 65536K, used 37649K [0x00000000c0c00000, 0x0000000100000000)
  region size 1024K, 31 young (31744K), 4 survivors (4096K)
 Metaspace       used 21283K, committed 21504K, reserved 1114112K
  class space    used 2928K, committed 3008K, reserved 1048576K
}
Event: 4.833 GC heap after
{Heap after GC invocations=5 (full 0):
 garbage-first heap   total 78848K, used 13454K [0x00000000c0c00000, 0x0000000100000000)
  region size 1024K, 5 young (5120K), 5 survivors (5120K)
 Metaspace       used 21283K, committed 21504K, reserved 1114112K
  class space    used 2928K, committed 3008K, reserved 1048576K
}
Event: 5.986 GC heap before
{Heap before GC invocations=6 (full 0):
 garbage-first heap   total 51200K, used 39054K [0x00000000c0c00000, 0x0000000100000000)
  region size 1024K, 30 young (30720K), 5 survivors (5120K)
 Metaspace       used 23997K, committed 24320K, reserved 1114112K
  class space    used 3344K, committed 3456K, reserved 1048576K
}
Event: 6.006 GC heap after
{Heap after GC invocations=7 (full 0):
 garbage-first heap   total 51200K, used 15096K [0x00000000c0c00000, 0x0000000100000000)
  region size 1024K, 3 young (3072K), 3 survivors (3072K)
 Metaspace       used 23997K, committed 24320K, reserved 1114112K
  class space    used 3344K, committed 3456K, reserved 1048576K
}
Event: 6.068 GC heap before
{Heap before GC invocations=7 (full 0):
 garbage-first heap   total 51200K, used 15096K [0x00000000c0c00000, 0x0000000100000000)
  region size 1024K, 4 young (4096K), 3 survivors (3072K)
 Metaspace       used 24174K, committed 24512K, reserved 1114112K
  class space    used 3366K, committed 3520K, reserved 1048576K
}
Event: 6.089 GC heap after
{Heap after GC invocations=8 (full 0):
 garbage-first heap   total 51200K, used 15397K [0x00000000c0c00000, 0x0000000100000000)
  region size 1024K, 1 young (1024K), 1 survivors (1024K)
 Metaspace       used 24174K, committed 24512K, reserved 1114112K
  class space    used 3366K, committed 3520K, reserved 1048576K
}
Event: 7.017 GC heap before
{Heap before GC invocations=8 (full 0):
 garbage-first heap   total 51200K, used 34853K [0x00000000c0c00000, 0x0000000100000000)
  region size 1024K, 21 young (21504K), 1 survivors (1024K)
 Metaspace       used 27138K, committed 27520K, reserved 1114112K
  class space    used 3850K, committed 4032K, reserved 1048576K
}
Event: 7.028 GC heap after
{Heap after GC invocations=9 (full 0):
 garbage-first heap   total 51200K, used 16866K [0x00000000c0c00000, 0x0000000100000000)
  region size 1024K, 2 young (2048K), 2 survivors (2048K)
 Metaspace       used 27138K, committed 27520K, reserved 1114112K
  class space    used 3850K, committed 4032K, reserved 1048576K
}
Event: 7.867 GC heap before
{Heap before GC invocations=9 (full 0):
 garbage-first heap   total 51200K, used 37346K [0x00000000c0c00000, 0x0000000100000000)
  region size 1024K, 22 young (22528K), 2 survivors (2048K)
 Metaspace       used 30499K, committed 30976K, reserved 1114112K
  class space    used 4312K, committed 4544K, reserved 1048576K
}
Event: 7.889 GC heap after
{Heap after GC invocations=10 (full 0):
 garbage-first heap   total 51200K, used 18795K [0x00000000c0c00000, 0x0000000100000000)
  region size 1024K, 2 young (2048K), 2 survivors (2048K)
 Metaspace       used 30499K, committed 30976K, reserved 1114112K
  class space    used 4312K, committed 4544K, reserved 1048576K
}
Event: 8.613 GC heap before
{Heap before GC invocations=10 (full 0):
 garbage-first heap   total 51200K, used 38251K [0x00000000c0c00000, 0x0000000100000000)
  region size 1024K, 21 young (21504K), 2 survivors (2048K)
 Metaspace       used 34359K, committed 34816K, reserved 1114112K
  class space    used 4880K, committed 5056K, reserved 1048576K
}

