# JRE version: OpenJDK Runtime Environment Corretto-17.0.11.9.1 (17.0.11+9) (build 17.0.11+9-LTS)
# Java VM: OpenJDK 64-Bit Server VM Corretto-17.0.11.9.1 (17.0.11+9-LTS, mixed mode, emulated-client, sharing, tiered, compressed oops, compressed class ptrs, g1 gc, windows-amd64)
GC Precious Log:
 CPUs: 4 total, 4 available
 Memory: 4041M
 Large Page Support: Disabled
 NUMA Support: Disabled
 Compressed Oops: Enabled (32-bit)
 Heap Region Size: 1M
 Heap Min Capacity: 8M
 Heap Initial Capacity: 64M
 Heap Max Capacity: 1012M
 Pre-touch: Disabled
 Parallel Workers: 4
 Concurrent Workers: 1
 Concurrent Refinement Workers: 4
 Periodic GC: Disabled
Heap:
 garbage-first heap   total 61440K, used 45044K [0x00000000c0c00000, 0x0000000100000000)
  region size 1024K, 28 young (28672K), 2 survivors (2048K)
 Metaspace       used 42005K, committed 42496K, reserved 1114112K
  class space    used 5970K, committed 6208K, reserved 1048576K
GC Heap History (20 events):
Event: 3.885 GC heap before
{Heap before GC invocations=0 (full 0):
 garbage-first heap   total 65536K, used 13312K [0x00000000c0c00000, 0x0000000100000000)
  region size 1024K, 13 young (13312K), 0 survivors (0K)
 Metaspace       used 4886K, committed 5056K, reserved 1114112K
  class space    used 577K, committed 640K, reserved 1048576K
}
Event: 3.906 GC heap after
{Heap after GC invocations=1 (full 0):
 garbage-first heap   total 65536K, used 7200K [0x00000000c0c00000, 0x0000000100000000)
  region size 1024K, 2 young (2048K), 2 survivors (2048K)
 Metaspace       used 4886K, committed 5056K, reserved 1114112K
  class space    used 577K, committed 640K, reserved 1048576K
}
Event: 4.732 GC heap before
{Heap before GC invocations=1 (full 0):
 garbage-first heap   total 65536K, used 14368K [0x00000000c0c00000, 0x0000000100000000)
  region size 1024K, 9 young (9216K), 2 survivors (2048K)
 Metaspace       used 6908K, committed 7104K, reserved 1114112K
  class space    used 864K, committed 960K, reserved 1048576K
}
Event: 4.742 GC heap after
{Heap after GC invocations=2 (full 0):
 garbage-first heap   total 65536K, used 8010K [0x00000000c0c00000, 0x0000000100000000)
  region size 1024K, 1 young (1024K), 1 survivors (1024K)
 Metaspace       used 6908K, committed 7104K, reserved 1114112K
  class space    used 864K, committed 960K, reserved 1048576K
}
Event: 6.352 GC heap before
{Heap before GC invocations=2 (full 0):
 garbage-first heap   total 65536K, used 28490K [0x00000000c0c00000, 0x0000000100000000)
  region size 1024K, 21 young (21504K), 1 survivors (1024K)
 Metaspace       used 11493K, committed 11776K, reserved 1114112K
  class space    used 1592K, committed 1728K, reserved 1048576K
}
Event: 6.360 GC heap after
{Heap after GC invocations=3 (full 0):
 garbage-first heap   total 65536K, used 9562K [0x00000000c0c00000, 0x0000000100000000)
  region size 1024K, 3 young (3072K), 3 survivors (3072K)
 Metaspace       used 11493K, committed 11776K, reserved 1114112K
  class space    used 1592K, committed 1728K, reserved 1048576K
}
Event: 7.647 GC heap before
{Heap before GC invocations=3 (full 0):
 garbage-first heap   total 65536K, used 39258K [0x00000000c0c00000, 0x0000000100000000)
  region size 1024K, 33 young (33792K), 3 survivors (3072K)
 Metaspace       used 17972K, committed 18240K, reserved 1114112K
  class space    used 2500K, committed 2624K, reserved 1048576K
}
Event: 7.663 GC heap after
{Heap after GC invocations=4 (full 0):
 garbage-first heap   total 65536K, used 11061K [0x00000000c0c00000, 0x0000000100000000)
  region size 1024K, 4 young (4096K), 4 survivors (4096K)
 Metaspace       used 17972K, committed 18240K, reserved 1114112K
  class space    used 2500K, committed 2624K, reserved 1048576K
}
Event: 8.485 GC heap before
{Heap before GC invocations=4 (full 0):
 garbage-first heap   total 65536K, used 30517K [0x00000000c0c00000, 0x0000000100000000)
  region size 1024K, 24 young (24576K), 4 survivors (4096K)
 Metaspace       used 21212K, committed 21504K, reserved 1114112K
  class space    used 2900K, committed 3072K, reserved 1048576K
}
Event: 8.503 GC heap after
{Heap after GC invocations=5 (full 0):
 garbage-first heap   total 65536K, used 13236K [0x00000000c0c00000, 0x0000000100000000)
  region size 1024K, 4 young (4096K), 4 survivors (4096K)
 Metaspace       used 21212K, committed 21504K, reserved 1114112K
  class space    used 2900K, committed 3072K, reserved 1048576K
}
Event: 10.026 GC heap before
{Heap before GC invocations=6 (full 0):
 garbage-first heap   total 51200K, used 37812K [0x00000000c0c00000, 0x0000000100000000)
  region size 1024K, 29 young (29696K), 4 survivors (4096K)
 Metaspace       used 23800K, committed 24128K, reserved 1114112K
  class space    used 3313K, committed 3456K, reserved 1048576K
}
Event: 10.045 GC heap after
{Heap after GC invocations=7 (full 0):
 garbage-first heap   total 51200K, used 14888K [0x00000000c0c00000, 0x0000000100000000)
  region size 1024K, 4 young (4096K), 4 survivors (4096K)
 Metaspace       used 23800K, committed 24128K, reserved 1114112K
  class space    used 3313K, committed 3456K, reserved 1048576K
}
Event: 11.631 GC heap before
{Heap before GC invocations=7 (full 0):
 garbage-first heap   total 51200K, used 35368K [0x00000000c0c00000, 0x0000000100000000)
  region size 1024K, 24 young (24576K), 4 survivors (4096K)
 Metaspace       used 26694K, committed 27136K, reserved 1114112K
  class space    used 3765K, committed 3968K, reserved 1048576K
}
Event: 11.661 GC heap after
{Heap after GC invocations=8 (full 0):
 garbage-first heap   total 51200K, used 16550K [0x00000000c0c00000, 0x0000000100000000)
  region size 1024K, 2 young (2048K), 2 survivors (2048K)
 Metaspace       used 26694K, committed 27136K, reserved 1114112K
  class space    used 3765K, committed 3968K, reserved 1048576K
}
Event: 13.039 GC heap before
{Heap before GC invocations=8 (full 0):
 garbage-first heap   total 51200K, used 36006K [0x00000000c0c00000, 0x0000000100000000)
  region size 1024K, 21 young (21504K), 2 survivors (2048K)
 Metaspace       used 30015K, committed 30464K, reserved 1114112K
  class space    used 4261K, committed 4480K, reserved 1048576K
}
Event: 13.063 GC heap after
{Heap after GC invocations=9 (full 0):
 garbage-first heap   total 61440K, used 18844K [0x00000000c0c00000, 0x0000000100000000)
  region size 1024K, 3 young (3072K), 3 survivors (3072K)
 Metaspace       used 30015K, committed 30464K, reserved 1114112K
  class space    used 4261K, committed 4480K, reserved 1048576K
}
Event: 15.085 GC heap before
{Heap before GC invocations=9 (full 0):
 garbage-first heap   total 61440K, used 43420K [0x00000000c0c00000, 0x0000000100000000)
  region size 1024K, 28 young (28672K), 3 survivors (3072K)
 Metaspace       used 34627K, committed 35072K, reserved 1114112K
  class space    used 4917K, committed 5120K, reserved 1048576K
}
Event: 15.097 GC heap after
{Heap after GC invocations=10 (full 0):
 garbage-first heap   total 61440K, used 20062K [0x00000000c0c00000, 0x0000000100000000)
  region size 1024K, 4 young (4096K), 4 survivors (4096K)
 Metaspace       used 34627K, committed 35072K, reserved 1114112K
  class space    used 4917K, committed 5120K, reserved 1048576K
}
Event: 15.444 GC heap before
{Heap before GC invocations=10 (full 0):
 garbage-first heap   total 61440K, used 24158K [0x00000000c0c00000, 0x0000000100000000)
  region size 1024K, 9 young (9216K), 4 survivors (4096K)
 Metaspace       used 35605K, committed 36096K, reserved 1114112K
  class space    used 5070K, committed 5312K, reserved 1048576K
}
Event: 15.454 GC heap after
{Heap after GC invocations=11 (full 0):
 garbage-first heap   total 61440K, used 20468K [0x00000000c0c00000, 0x0000000100000000)
  region size 1024K, 2 young (2048K), 2 survivors (2048K)
 Metaspace       used 35605K, committed 36096K, reserved 1114112K
  class space    used 5070K, committed 5312K, reserved 1048576K
}

